<?xml version="1.0" encoding="UTF-8"?>
<!-- Generated by org.testng.reporters.JUnitReportReporter -->
<testsuite hostname="Sayan" failures="0" tests="1" name="com.myproject.testcases.LoginTest" time="3.084" errors="0" timestamp="2022-07-21T21:43:30 IST" skipped="0">
  <testcase classname="com.myproject.testcases.LoginTest" name="loginAsBankManager" time="3.084"/>
  <system-out/>
</testsuite> <!-- com.myproject.testcases.LoginTest -->
