<?xml version="1.0" encoding="UTF-8"?>
<!-- Generated by org.testng.reporters.JUnitReportReporter -->
<testsuite hostname="Sayan" failures="0" tests="1" name="ReadData.App" time="1.150" errors="0" timestamp="2022-04-03T19:23:13 IST" skipped="0">
  <testcase classname="ReadData.App" name="readData" time="1.150"/>
  <system-out/>
</testsuite> <!-- ReadData.App -->
