<?xml version="1.0" encoding="UTF-8"?>
<!-- Generated by org.testng.reporters.JUnitReportReporter -->
<testsuite hostname="Sayan" failures="0" tests="2" name="Reggression.TestCase1" time="0.006" errors="0" timestamp="2022-07-04T20:35:23 IST" skipped="0">
  <testcase classname="Reggression.TestCase1" name="doUserReg" time="0.003"/>
  <system-out/>
  <testcase classname="Reggression.TestCase1" name="doLogin" time="0.003"/>
  <system-out/>
</testsuite> <!-- Reggression.TestCase1 -->
